<?xml version="1.0" encoding="UTF-8"?>
<testng-results skipped="0" failed="0" ignored="0" total="1" passed="1">
  <reporter-output>
  </reporter-output>
  <suite name="Demo Testing" duration-ms="17931" started-at="2019-10-27T16:13:05Z" finished-at="2019-10-27T16:13:23Z">
    <groups>
    </groups>
    <test name="Demo Test" duration-ms="17931" started-at="2019-10-27T16:13:05Z" finished-at="2019-10-27T16:13:23Z">
      <class name="DemoPackage.Demo1">
        <test-method status="PASS" signature="DemoAPITest()[pri:0, instance:DemoPackage.Demo1@651fd0]" name="DemoAPITest" duration-ms="17740" started-at="2019-10-27T21:43:06Z" finished-at="2019-10-27T21:43:23Z">
          <reporter-output>
          </reporter-output>
        </test-method> <!-- DemoAPITest -->
      </class> <!-- DemoPackage.Demo1 -->
    </test> <!-- Demo Test -->
  </suite> <!-- Demo Testing -->
</testng-results>
